<?xml version="1.0" encoding="UTF-8"?>
<testsuite xmlns:xsi="http://www.w3.org/2001/XMLSchema-instance" xsi:noNamespaceSchemaLocation="https://maven.apache.org/surefire/maven-surefire-plugin/xsd/surefire-test-report-3.0.xsd" version="3.0" name="com.example.hibernaterelationshipslab.integration.AppointmentIntegrationTest" time="9.478" tests="2" errors="0" skipped="0" failures="0">
  <properties>
[...]
</properties>
  <testcase name="shouldCreateAppointmentForExistingDoctorAndPatient" classname="com.example.hibernaterelationshipslab.integration.AppointmentIntegrationTest" time="1.223">
    <system-out><![CDATA[10:13:51.511 [main] INFO org.springframework.test.context.support.AnnotationConfigContextLoaderUtils -- Could not detect default configuration classes for test class [com.example.hibernaterelationshipslab.integration.AppointmentIntegrationTest]: AppointmentIntegrationTest does not declare any static, non-private, non-final, nested classes annotated with @Configuration.
10:13:51.668 [main] INFO org.springframework.boot.test.context.SpringBootTestContextBootstrapper -- Found @SpringBootConfiguration com.example.hibernaterelationshipslab.HibernateRelationshipsLabApplication for test class com.example.hibernaterelationshipslab.integration.AppointmentIntegrationTest

  .   ____          _            __ _ _
 /\\ / ___'_ __ _ _(_)_ __  __ _ \ \ \ \
( ( )\___ | '_ | '_| | '_ \/ _` | \ \ \ \
 \\/  ___)| |_)| | | | | || (_| |  ) ) ) )
  '  |____| .__|_| |_|_| |_\__, | / / / /
 =========|_|==============|___/=/_/_/_/

 :: Spring Boot ::                (v3.3.8)

2026-02-14T10:13:52.270+05:30  INFO 18112 --- [           main] c.e.h.i.AppointmentIntegrationTest       : Starting AppointmentIntegrationTest using Java 21.0.8 with PID 18112 (started by pilla in D:\spring_boot_advanced_demos\hibernate-relationships-lab)
2026-02-14T10:13:52.272+05:30  INFO 18112 --- [           main] c.e.h.i.AppointmentIntegrationTest       : The following 1 profile is active: "test"
2026-02-14T10:13:53.368+05:30  INFO 18112 --- [           main] .s.d.r.c.RepositoryConfigurationDelegate : Bootstrapping Spring Data JPA repositories in DEFAULT mode.
2026-02-14T10:13:53.477+05:30  INFO 18112 --- [           main] .s.d.r.c.RepositoryConfigurationDelegate : Finished Spring Data repository scanning in 95 ms. Found 5 JPA repository interfaces.
2026-02-14T10:13:54.291+05:30  INFO 18112 --- [           main] o.hibernate.jpa.internal.util.LogHelper  : HHH000204: Processing PersistenceUnitInfo [name: default]
2026-02-14T10:13:54.492+05:30  INFO 18112 --- [           main] org.hibernate.Version                    : HHH000412: Hibernate ORM core version 6.5.3.Final
2026-02-14T10:13:54.546+05:30  INFO 18112 --- [           main] o.h.c.internal.RegionFactoryInitiator    : HHH000026: Second-level cache disabled
2026-02-14T10:13:55.184+05:30  INFO 18112 --- [           main] o.s.o.j.p.SpringPersistenceUnitInfo      : No LoadTimeWeaver setup: ignoring JPA class transformer
2026-02-14T10:13:55.231+05:30  INFO 18112 --- [           main] com.zaxxer.hikari.HikariDataSource       : HikariPool-1 - Starting...
2026-02-14T10:13:55.485+05:30  INFO 18112 --- [           main] com.zaxxer.hikari.pool.HikariPool        : HikariPool-1 - Added connection conn0: url=jdbc:h2:mem:testdb user=SA
2026-02-14T10:13:55.486+05:30  INFO 18112 --- [           main] com.zaxxer.hikari.HikariDataSource       : HikariPool-1 - Start completed.
2026-02-14T10:13:56.762+05:30  INFO 18112 --- [           main] o.h.e.t.j.p.i.JtaPlatformInitiator       : HHH000489: No JTA platform available (set 'hibernate.transaction.jta.platform' to enable JTA platform integration)
2026-02-14T10:13:56.860+05:30  INFO 18112 --- [           main] j.LocalContainerEntityManagerFactoryBean : Initialized JPA EntityManagerFactory for persistence unit 'default'
2026-02-14T10:13:57.411+05:30  INFO 18112 --- [           main] o.s.d.j.r.query.QueryEnhancerFactory     : Hibernate is in classpath; If applicable, HQL parser will be used.
2026-02-14T10:13:59.430+05:30  INFO 18112 --- [           main] o.s.b.t.m.w.SpringBootMockServletContext : Initializing Spring TestDispatcherServlet ''
2026-02-14T10:13:59.431+05:30  INFO 18112 --- [           main] o.s.t.web.servlet.TestDispatcherServlet  : Initializing Servlet ''
2026-02-14T10:13:59.436+05:30  INFO 18112 --- [           main] o.s.t.web.servlet.TestDispatcherServlet  : Completed initialization in 4 ms
2026-02-14T10:13:59.477+05:30  INFO 18112 --- [           main] c.e.h.i.AppointmentIntegrationTest       : Started AppointmentIntegrationTest in 7.636 seconds (process running for 8.977)
]]></system-out>
    <system-err><![CDATA[WARNING: A Java agent has been loaded dynamically (C:\Users\pilla\.m2\repository\net\bytebuddy\byte-buddy-agent\1.14.19\byte-buddy-agent-1.14.19.jar)
WARNING: If a serviceability tool is in use, please run with -XX:+EnableDynamicAgentLoading to hide this warning
WARNING: If a serviceability tool is not in use, please run with -Djdk.instrument.traceUsage for more information
WARNING: Dynamic loading of agents will be disallowed by default in a future release
]]></system-err>
  </testcase>
  <testcase name="shouldReturn404WhenDoctorMissing" classname="com.example.hibernaterelationshipslab.integration.AppointmentIntegrationTest" time="0.021"/>
</testsuite>